Molecular Dynamics Simulation of Argon; developed by RBD
Name of log file: liq_ar.log
Name of trajectory file: liq_ar.xyz
Name of velocity file: liq_ar.vel
Name of force file: liq_ar.force
Number of atoms: 512
Temperature: 300.000000
Number of steps: 2000
Time step: 0.002000 pecoseconds
Write to trajectory and log files every 100 steps
Nonbonding distance cutoff: 10.000000 Angstroms

Argon Parameters: 
Argon Mass: 6.626000E-26 kg 
Argon Molar Mass: 0.039948 kg mol^-1 
Epsilon (kcal/mol): 0.210849
Sigma (Angstrom): 3.345000

kB*T = 4.141946E-21  
Box dimension: 28.400000 Angstroms 
 
Step 0
Total Potential Energy (kcal mol^-1) = -5.821581E+02 
Step 100
Total Energy (kcal mol^-1) = 7.887078E+02 
Total Potential Energy (kcal mol^-1) = -2.377007E+02 
Total Kinetic Energy (kcal mol^-1) = 1.026408E+03 
Instantaneous Temperature (K) = 6.717750E+02 
Step 200
Total Energy (kcal mol^-1) = 7.883278E+02 
Total Potential Energy (kcal mol^-1) = -2.307231E+02 
Total Kinetic Energy (kcal mol^-1) = 1.019051E+03 
Instantaneous Temperature (K) = 6.669596E+02 
Step 300
Total Energy (kcal mol^-1) = 7.883227E+02 
Total Potential Energy (kcal mol^-1) = -2.360513E+02 
Total Kinetic Energy (kcal mol^-1) = 1.024374E+03 
Instantaneous Temperature (K) = 6.704435E+02 
Step 400
Total Energy (kcal mol^-1) = 7.883059E+02 
Total Potential Energy (kcal mol^-1) = -2.110674E+02 
Total Kinetic Energy (kcal mol^-1) = 9.993733E+02 
Instantaneous Temperature (K) = 6.540808E+02 
Step 500
Total Energy (kcal mol^-1) = 7.884896E+02 
Total Potential Energy (kcal mol^-1) = -2.046741E+02 
Total Kinetic Energy (kcal mol^-1) = 9.931637E+02 
Instantaneous Temperature (K) = 6.500166E+02 
Step 600
Total Energy (kcal mol^-1) = 7.884117E+02 
Total Potential Energy (kcal mol^-1) = -2.010349E+02 
Total Kinetic Energy (kcal mol^-1) = 9.894465E+02 
Instantaneous Temperature (K) = 6.475838E+02 
Step 700
Total Energy (kcal mol^-1) = 7.884522E+02 
Total Potential Energy (kcal mol^-1) = -1.898984E+02 
Total Kinetic Energy (kcal mol^-1) = 9.783506E+02 
Instantaneous Temperature (K) = 6.403216E+02 
Step 800
Total Energy (kcal mol^-1) = 7.884101E+02 
Total Potential Energy (kcal mol^-1) = -2.240454E+02 
Total Kinetic Energy (kcal mol^-1) = 1.012456E+03 
Instantaneous Temperature (K) = 6.626430E+02 
Step 900
Total Energy (kcal mol^-1) = 7.883640E+02 
Total Potential Energy (kcal mol^-1) = -2.319674E+02 
Total Kinetic Energy (kcal mol^-1) = 1.020331E+03 
Instantaneous Temperature (K) = 6.677976E+02 
Step 1000
Total Energy (kcal mol^-1) = 7.882785E+02 
Total Potential Energy (kcal mol^-1) = -1.998360E+02 
Total Kinetic Energy (kcal mol^-1) = 9.881145E+02 
Instantaneous Temperature (K) = 6.467120E+02 
Step 1100
Total Energy (kcal mol^-1) = 7.884276E+02 
Total Potential Energy (kcal mol^-1) = -2.063242E+02 
Total Kinetic Energy (kcal mol^-1) = 9.947518E+02 
Instantaneous Temperature (K) = 6.510560E+02 
Step 1200
Total Energy (kcal mol^-1) = 7.883930E+02 
Total Potential Energy (kcal mol^-1) = -2.236944E+02 
Total Kinetic Energy (kcal mol^-1) = 1.012087E+03 
Instantaneous Temperature (K) = 6.624020E+02 
Step 1300
Total Energy (kcal mol^-1) = 7.882929E+02 
Total Potential Energy (kcal mol^-1) = -2.180123E+02 
Total Kinetic Energy (kcal mol^-1) = 1.006305E+03 
Instantaneous Temperature (K) = 6.586176E+02 
Step 1400
Total Energy (kcal mol^-1) = 7.884713E+02 
Total Potential Energy (kcal mol^-1) = -2.126382E+02 
Total Kinetic Energy (kcal mol^-1) = 1.001109E+03 
Instantaneous Temperature (K) = 6.552170E+02 
Step 1500
Total Energy (kcal mol^-1) = 7.883428E+02 
Total Potential Energy (kcal mol^-1) = -2.130777E+02 
Total Kinetic Energy (kcal mol^-1) = 1.001421E+03 
Instantaneous Temperature (K) = 6.554206E+02 
Step 1600
Total Energy (kcal mol^-1) = 7.883945E+02 
Total Potential Energy (kcal mol^-1) = -2.599844E+02 
Total Kinetic Energy (kcal mol^-1) = 1.048379E+03 
Instantaneous Temperature (K) = 6.861545E+02 
Step 1700
Total Energy (kcal mol^-1) = 7.884948E+02 
Total Potential Energy (kcal mol^-1) = -1.935179E+02 
Total Kinetic Energy (kcal mol^-1) = 9.820127E+02 
Instantaneous Temperature (K) = 6.427184E+02 
Step 1800
Total Energy (kcal mol^-1) = 7.884549E+02 
Total Potential Energy (kcal mol^-1) = -2.114213E+02 
Total Kinetic Energy (kcal mol^-1) = 9.998761E+02 
Instantaneous Temperature (K) = 6.544099E+02 
Step 1900
Total Energy (kcal mol^-1) = 7.883668E+02 
Total Potential Energy (kcal mol^-1) = -1.998860E+02 
Total Kinetic Energy (kcal mol^-1) = 9.882528E+02 
Instantaneous Temperature (K) = 6.468025E+02 
Step 2000
Total Energy (kcal mol^-1) = 7.884273E+02 
Total Potential Energy (kcal mol^-1) = -2.135966E+02 
Total Kinetic Energy (kcal mol^-1) = 1.002024E+03 
Instantaneous Temperature (K) = 6.558155E+02 
