Molecular Dynamics Simulation of Argon; developed by RBD
Name of log file: liq_ar.2fs.log
Name of trajectory file: liq_ar.2fs.xyz
Name of velocity file: liq_ar.2fs.vel
Name of force file: liq_ar.2fs.force
Number of atoms: 512
Temperature: 300.000000
Number of steps: 100
Time step: 0.002000 pecoseconds
Write to trajectory and log files every 1 steps
Nonbonding distance cutoff: 10.000000 Angstroms

Argon Parameters: 
Argon Mass: 6.626000E-26 kg 
Argon Molar Mass: 0.039948 kg mol^-1 
Epsilon (kcal/mol): 0.210849
Sigma (Angstrom): 3.345000

kB*T = 4.141946E-21  
Box dimension: 28.400000 Angstroms 
 
Step 0
Total Potential Energy (kcal mol^-1) = -5.821581E+02 
Step 1
Total Energy (kcal mol^-1) = 7.922341E+02 
Total Potential Energy (kcal mol^-1) = -5.818395E+02 
Total Kinetic Energy (kcal mol^-1) = 1.374074E+03 
Instantaneous Temperature (K) = 8.993187E+02 
Step 2
Total Energy (kcal mol^-1) = 7.917310E+02 
Total Potential Energy (kcal mol^-1) = -5.810710E+02 
Total Kinetic Energy (kcal mol^-1) = 1.372802E+03 
Instantaneous Temperature (K) = 8.984864E+02 
Step 3
Total Energy (kcal mol^-1) = 7.901586E+02 
Total Potential Energy (kcal mol^-1) = -5.797858E+02 
Total Kinetic Energy (kcal mol^-1) = 1.369944E+03 
Instantaneous Temperature (K) = 8.966162E+02 
Step 4
Total Energy (kcal mol^-1) = 7.870732E+02 
Total Potential Energy (kcal mol^-1) = -5.777975E+02 
Total Kinetic Energy (kcal mol^-1) = 1.364871E+03 
Instantaneous Temperature (K) = 8.932955E+02 
Step 5
Total Energy (kcal mol^-1) = 7.818406E+02 
Total Potential Energy (kcal mol^-1) = -5.751158E+02 
Total Kinetic Energy (kcal mol^-1) = 1.356956E+03 
Instantaneous Temperature (K) = 8.881156E+02 
Step 6
Total Energy (kcal mol^-1) = 7.738459E+02 
Total Potential Energy (kcal mol^-1) = -5.717459E+02 
Total Kinetic Energy (kcal mol^-1) = 1.345592E+03 
Instantaneous Temperature (K) = 8.806776E+02 
Step 7
Total Energy (kcal mol^-1) = 7.624777E+02 
Total Potential Energy (kcal mol^-1) = -5.677162E+02 
Total Kinetic Energy (kcal mol^-1) = 1.330194E+03 
Instantaneous Temperature (K) = 8.705998E+02 
Step 8
Total Energy (kcal mol^-1) = 7.471922E+02 
Total Potential Energy (kcal mol^-1) = -5.630308E+02 
Total Kinetic Energy (kcal mol^-1) = 1.310223E+03 
Instantaneous Temperature (K) = 8.575290E+02 
Step 9
Total Energy (kcal mol^-1) = 7.274653E+02 
Total Potential Energy (kcal mol^-1) = -5.577383E+02 
Total Kinetic Energy (kcal mol^-1) = 1.285204E+03 
Instantaneous Temperature (K) = 8.411541E+02 
Step 10
Total Energy (kcal mol^-1) = 7.028918E+02 
Total Potential Energy (kcal mol^-1) = -5.518605E+02 
Total Kinetic Energy (kcal mol^-1) = 1.254752E+03 
Instantaneous Temperature (K) = 8.212240E+02 
Step 11
Total Energy (kcal mol^-1) = 6.731582E+02 
Total Potential Energy (kcal mol^-1) = -5.454524E+02 
Total Kinetic Energy (kcal mol^-1) = 1.218611E+03 
Instantaneous Temperature (K) = 7.975696E+02 
Step 12
Total Energy (kcal mol^-1) = 6.380855E+02 
Total Potential Energy (kcal mol^-1) = -5.385997E+02 
Total Kinetic Energy (kcal mol^-1) = 1.176685E+03 
Instantaneous Temperature (K) = 7.701298E+02 
Step 13
Total Energy (kcal mol^-1) = 5.977311E+02 
Total Potential Energy (kcal mol^-1) = -5.313641E+02 
Total Kinetic Energy (kcal mol^-1) = 1.129095E+03 
Instantaneous Temperature (K) = 7.389826E+02 
Step 14
Total Energy (kcal mol^-1) = 5.523463E+02 
Total Potential Energy (kcal mol^-1) = -5.238795E+02 
Total Kinetic Energy (kcal mol^-1) = 1.076226E+03 
Instantaneous Temperature (K) = 7.043800E+02 
Step 15
Total Energy (kcal mol^-1) = 5.024964E+02 
Total Potential Energy (kcal mol^-1) = -5.162898E+02 
Total Kinetic Energy (kcal mol^-1) = 1.018786E+03 
Instantaneous Temperature (K) = 6.667863E+02 
Step 16
Total Energy (kcal mol^-1) = 4.491029E+02 
Total Potential Energy (kcal mol^-1) = -5.087691E+02 
Total Kinetic Energy (kcal mol^-1) = 9.578719E+02 
Instantaneous Temperature (K) = 6.269185E+02 
Step 17
Total Energy (kcal mol^-1) = 3.935034E+02 
Total Potential Energy (kcal mol^-1) = -5.015219E+02 
Total Kinetic Energy (kcal mol^-1) = 8.950253E+02 
Instantaneous Temperature (K) = 5.857860E+02 
Step 18
Total Energy (kcal mol^-1) = 3.375148E+02 
Total Potential Energy (kcal mol^-1) = -4.947753E+02 
Total Kinetic Energy (kcal mol^-1) = 8.322901E+02 
Instantaneous Temperature (K) = 5.447263E+02 
Step 19
Total Energy (kcal mol^-1) = 2.834758E+02 
Total Potential Energy (kcal mol^-1) = -4.887782E+02 
Total Kinetic Energy (kcal mol^-1) = 7.722539E+02 
Instantaneous Temperature (K) = 5.054332E+02 
Step 20
Total Energy (kcal mol^-1) = 2.342762E+02 
Total Potential Energy (kcal mol^-1) = -4.837947E+02 
Total Kinetic Energy (kcal mol^-1) = 7.180709E+02 
Instantaneous Temperature (K) = 4.699709E+02 
Step 21
Total Energy (kcal mol^-1) = 1.934075E+02 
Total Potential Energy (kcal mol^-1) = -4.800488E+02 
Total Kinetic Energy (kcal mol^-1) = 6.734563E+02 
Instantaneous Temperature (K) = 4.407710E+02 
Step 22
Total Energy (kcal mol^-1) = 1.648993E+02 
Total Potential Energy (kcal mol^-1) = -4.777476E+02 
Total Kinetic Energy (kcal mol^-1) = 6.426470E+02 
Instantaneous Temperature (K) = 4.206066E+02 
Step 23
Total Energy (kcal mol^-1) = 1.532584E+02 
Total Potential Energy (kcal mol^-1) = -4.770650E+02 
Total Kinetic Energy (kcal mol^-1) = 6.303233E+02 
Instantaneous Temperature (K) = 4.125409E+02 
Step 24
Total Energy (kcal mol^-1) = 1.634288E+02 
Total Potential Energy (kcal mol^-1) = -4.780633E+02 
Total Kinetic Energy (kcal mol^-1) = 6.414921E+02 
Instantaneous Temperature (K) = 4.198508E+02 
Step 25
Total Energy (kcal mol^-1) = 2.006028E+02 
Total Potential Energy (kcal mol^-1) = -4.807321E+02 
Total Kinetic Energy (kcal mol^-1) = 6.813349E+02 
Instantaneous Temperature (K) = 4.459275E+02 
Step 26
Total Energy (kcal mol^-1) = 2.700834E+02 
Total Potential Energy (kcal mol^-1) = -4.849482E+02 
Total Kinetic Energy (kcal mol^-1) = 7.550316E+02 
Instantaneous Temperature (K) = 4.941613E+02 
Step 27
Total Energy (kcal mol^-1) = 3.770601E+02 
Total Potential Energy (kcal mol^-1) = -4.905114E+02 
Total Kinetic Energy (kcal mol^-1) = 8.675715E+02 
Instantaneous Temperature (K) = 5.678176E+02 
Step 28
Total Energy (kcal mol^-1) = 5.264455E+02 
Total Potential Energy (kcal mol^-1) = -4.971224E+02 
Total Kinetic Energy (kcal mol^-1) = 1.023568E+03 
Instantaneous Temperature (K) = 6.699159E+02 
Step 29
Total Energy (kcal mol^-1) = 7.227187E+02 
Total Potential Energy (kcal mol^-1) = -5.043707E+02 
Total Kinetic Energy (kcal mol^-1) = 1.227089E+03 
Instantaneous Temperature (K) = 8.031188E+02 
Step 30
Total Energy (kcal mol^-1) = 9.696949E+02 
Total Potential Energy (kcal mol^-1) = -5.118228E+02 
Total Kinetic Energy (kcal mol^-1) = 1.481518E+03 
Instantaneous Temperature (K) = 9.696399E+02 
Step 31
Total Energy (kcal mol^-1) = 1.270423E+03 
Total Potential Energy (kcal mol^-1) = -5.190158E+02 
Total Kinetic Energy (kcal mol^-1) = 1.789438E+03 
Instantaneous Temperature (K) = 1.171171E+03 
Step 32
Total Energy (kcal mol^-1) = 1.627125E+03 
Total Potential Energy (kcal mol^-1) = -5.254363E+02 
Total Kinetic Energy (kcal mol^-1) = 2.152561E+03 
Instantaneous Temperature (K) = 1.408832E+03 
Step 33
Total Energy (kcal mol^-1) = 2.041070E+03 
Total Potential Energy (kcal mol^-1) = -5.305922E+02 
Total Kinetic Energy (kcal mol^-1) = 2.571662E+03 
Instantaneous Temperature (K) = 1.683130E+03 
Step 34
Total Energy (kcal mol^-1) = 2.512633E+03 
Total Potential Energy (kcal mol^-1) = -5.339062E+02 
Total Kinetic Energy (kcal mol^-1) = 3.046539E+03 
Instantaneous Temperature (K) = 1.993932E+03 
Step 35
Total Energy (kcal mol^-1) = 3.041130E+03 
Total Potential Energy (kcal mol^-1) = -5.348233E+02 
Total Kinetic Energy (kcal mol^-1) = 3.575953E+03 
Instantaneous Temperature (K) = 2.340429E+03 
Step 36
Total Energy (kcal mol^-1) = 3.624842E+03 
Total Potential Energy (kcal mol^-1) = -5.327105E+02 
Total Kinetic Energy (kcal mol^-1) = 4.157552E+03 
Instantaneous Temperature (K) = 2.721080E+03 
Step 37
Total Energy (kcal mol^-1) = 4.260936E+03 
Total Potential Energy (kcal mol^-1) = -5.268007E+02 
Total Kinetic Energy (kcal mol^-1) = 4.787737E+03 
Instantaneous Temperature (K) = 3.133530E+03 
Step 38
Total Energy (kcal mol^-1) = 4.945332E+03 
Total Potential Energy (kcal mol^-1) = -5.161149E+02 
Total Kinetic Energy (kcal mol^-1) = 5.461447E+03 
Instantaneous Temperature (K) = 3.574468E+03 
Step 39
Total Energy (kcal mol^-1) = 5.672465E+03 
Total Potential Energy (kcal mol^-1) = -4.993755E+02 
Total Kinetic Energy (kcal mol^-1) = 6.171840E+03 
Instantaneous Temperature (K) = 4.039413E+03 
Step 40
Total Energy (kcal mol^-1) = 6.435034E+03 
Total Potential Energy (kcal mol^-1) = -4.747639E+02 
Total Kinetic Energy (kcal mol^-1) = 6.909798E+03 
Instantaneous Temperature (K) = 4.522400E+03 
Step 41
Total Energy (kcal mol^-1) = 7.223449E+03 
Total Potential Energy (kcal mol^-1) = -4.397849E+02 
Total Kinetic Energy (kcal mol^-1) = 7.663234E+03 
Instantaneous Temperature (K) = 5.015517E+03 
Step 42
Total Energy (kcal mol^-1) = 8.025318E+03 
Total Potential Energy (kcal mol^-1) = -3.908466E+02 
Total Kinetic Energy (kcal mol^-1) = 8.416165E+03 
Instantaneous Temperature (K) = 5.508304E+03 
Step 43
Total Energy (kcal mol^-1) = 8.824681E+03 
Total Potential Energy (kcal mol^-1) = -3.229983E+02 
Total Kinetic Energy (kcal mol^-1) = 9.147680E+03 
Instantaneous Temperature (K) = 5.987073E+03 
Step 44
Total Energy (kcal mol^-1) = 9.601556E+03 
Total Potential Energy (kcal mol^-1) = -2.298130E+02 
Total Kinetic Energy (kcal mol^-1) = 9.831369E+03 
Instantaneous Temperature (K) = 6.434542E+03 
Step 45
Total Energy (kcal mol^-1) = 1.033279E+04 
Total Potential Energy (kcal mol^-1) = -1.041642E+02 
Total Kinetic Energy (kcal mol^-1) = 1.043696E+04 
Instantaneous Temperature (K) = 6.830894E+03 
Step 46
Total Energy (kcal mol^-1) = 1.099655E+04 
Total Potential Energy (kcal mol^-1) = 5.864187E+01 
Total Kinetic Energy (kcal mol^-1) = 1.093791E+04 
Instantaneous Temperature (K) = 7.158763E+03 
Step 47
Total Energy (kcal mol^-1) = 1.158468E+04 
Total Potential Energy (kcal mol^-1) = 2.546481E+02 
Total Kinetic Energy (kcal mol^-1) = 1.133003E+04 
Instantaneous Temperature (K) = 7.415404E+03 
Step 48
Total Energy (kcal mol^-1) = 1.212675E+04 
Total Potential Energy (kcal mol^-1) = 4.657166E+02 
Total Kinetic Energy (kcal mol^-1) = 1.166104E+04 
Instantaneous Temperature (K) = 7.632042E+03 
Step 49
Total Energy (kcal mol^-1) = 1.272160E+04 
Total Potential Energy (kcal mol^-1) = 6.635597E+02 
Total Kinetic Energy (kcal mol^-1) = 1.205804E+04 
Instantaneous Temperature (K) = 7.891876E+03 
Step 50
Total Energy (kcal mol^-1) = 1.355895E+04 
Total Potential Energy (kcal mol^-1) = 8.230194E+02 
Total Kinetic Energy (kcal mol^-1) = 1.273593E+04 
Instantaneous Temperature (K) = 8.335553E+03 
Step 51
Total Energy (kcal mol^-1) = 1.491547E+04 
Total Potential Energy (kcal mol^-1) = 9.295461E+02 
Total Kinetic Energy (kcal mol^-1) = 1.398592E+04 
Instantaneous Temperature (K) = 9.153658E+03 
Step 52
Total Energy (kcal mol^-1) = 1.713219E+04 
Total Potential Energy (kcal mol^-1) = 9.789729E+02 
Total Kinetic Energy (kcal mol^-1) = 1.615322E+04 
Instantaneous Temperature (K) = 1.057213E+04 
Step 53
Total Energy (kcal mol^-1) = 2.058520E+04 
Total Potential Energy (kcal mol^-1) = 9.796553E+02 
Total Kinetic Energy (kcal mol^-1) = 1.960554E+04 
Instantaneous Temperature (K) = 1.283165E+04 
Step 54
Total Energy (kcal mol^-1) = 2.564897E+04 
Total Potential Energy (kcal mol^-1) = 9.592835E+02 
Total Kinetic Energy (kcal mol^-1) = 2.468968E+04 
Instantaneous Temperature (K) = 1.615917E+04 
Step 55
Total Energy (kcal mol^-1) = 3.265234E+04 
Total Potential Energy (kcal mol^-1) = 9.684378E+02 
Total Kinetic Energy (kcal mol^-1) = 3.168391E+04 
Instantaneous Temperature (K) = 2.073683E+04 
Step 56
Total Energy (kcal mol^-1) = 4.185171E+04 
Total Potential Energy (kcal mol^-1) = 1.055266E+03 
Total Kinetic Energy (kcal mol^-1) = 4.079644E+04 
Instantaneous Temperature (K) = 2.670090E+04 
Step 57
Total Energy (kcal mol^-1) = 5.347643E+04 
Total Potential Energy (kcal mol^-1) = 1.177960E+03 
Total Kinetic Energy (kcal mol^-1) = 5.229847E+04 
Instantaneous Temperature (K) = 3.422887E+04 
Step 58
Total Energy (kcal mol^-1) = 6.786930E+04 
Total Potential Energy (kcal mol^-1) = 1.317071E+03 
Total Kinetic Energy (kcal mol^-1) = 6.655223E+04 
Instantaneous Temperature (K) = 4.355783E+04 
Step 59
Total Energy (kcal mol^-1) = 8.540483E+04 
Total Potential Energy (kcal mol^-1) = 1.825274E+03 
Total Kinetic Energy (kcal mol^-1) = 8.357955E+04 
Instantaneous Temperature (K) = 5.470206E+04 
Step 60
Total Energy (kcal mol^-1) = 1.065101E+05 
Total Potential Energy (kcal mol^-1) = 4.388646E+03 
Total Kinetic Energy (kcal mol^-1) = 1.021214E+05 
Instantaneous Temperature (K) = 6.683755E+04 
Step 61
Total Energy (kcal mol^-1) = 1.370138E+05 
Total Potential Energy (kcal mol^-1) = 3.790797E+03 
Total Kinetic Energy (kcal mol^-1) = 1.332230E+05 
Instantaneous Temperature (K) = 8.719326E+04 
Step 62
Total Energy (kcal mol^-1) = 1.895403E+05 
Total Potential Energy (kcal mol^-1) = 8.092238E+03 
Total Kinetic Energy (kcal mol^-1) = 1.814481E+05 
Instantaneous Temperature (K) = 1.187561E+05 
Step 63
Total Energy (kcal mol^-1) = 2.837392E+05 
Total Potential Energy (kcal mol^-1) = 1.958454E+04 
Total Kinetic Energy (kcal mol^-1) = 2.641547E+05 
Instantaneous Temperature (K) = 1.728869E+05 
Step 64
Total Energy (kcal mol^-1) = 5.700925E+05 
Total Potential Energy (kcal mol^-1) = 2.594627E+04 
Total Kinetic Energy (kcal mol^-1) = 5.441463E+05 
Instantaneous Temperature (K) = 3.561388E+05 
Step 65
Total Energy (kcal mol^-1) = 5.680484E+15 
Total Potential Energy (kcal mol^-1) = 1.135390E+09 
Total Kinetic Energy (kcal mol^-1) = 5.680483E+15 
Instantaneous Temperature (K) = 3.717824E+15 
Step 66
Total Energy (kcal mol^-1) = 5.112427E+16 
Total Potential Energy (kcal mol^-1) = 3.593602E+06 
Total Kinetic Energy (kcal mol^-1) = 5.112427E+16 
Instantaneous Temperature (K) = 3.346037E+16 
Step 67
Total Energy (kcal mol^-1) = 1.420119E+17 
Total Potential Energy (kcal mol^-1) = 2.456105E+06 
Total Kinetic Energy (kcal mol^-1) = 1.420119E+17 
Instantaneous Temperature (K) = 9.294552E+16 
Step 68
Total Energy (kcal mol^-1) = 2.792016E+17 
Total Potential Energy (kcal mol^-1) = 5.354692E+08 
Total Kinetic Energy (kcal mol^-1) = 2.792016E+17 
Instantaneous Temperature (K) = 1.827349E+17 
Step 69
Total Energy (kcal mol^-1) = 1.006464E+19 
Total Potential Energy (kcal mol^-1) = 4.912231E+10 
Total Kinetic Energy (kcal mol^-1) = 1.006464E+19 
Instantaneous Temperature (K) = 6.587218E+18 
Step 70
Total Energy (kcal mol^-1) = 8.708001E+19 
Total Potential Energy (kcal mol^-1) = 7.895358E+07 
Total Kinetic Energy (kcal mol^-1) = 8.708001E+19 
Instantaneous Temperature (K) = 5.699308E+19 
Step 71
Total Energy (kcal mol^-1) = 2.409222E+20 
Total Potential Energy (kcal mol^-1) = 2.010807E+07 
Total Kinetic Energy (kcal mol^-1) = 2.409222E+20 
Instantaneous Temperature (K) = 1.576814E+20 
Step 72
Total Energy (kcal mol^-1) = 4.716132E+20 
Total Potential Energy (kcal mol^-1) = 2.841801E+09 
Total Kinetic Energy (kcal mol^-1) = 4.716132E+20 
Instantaneous Temperature (K) = 3.086665E+20 
Step 73
Total Energy (kcal mol^-1) = 7.792849E+20 
Total Potential Energy (kcal mol^-1) = 9.191867E+07 
Total Kinetic Energy (kcal mol^-1) = 7.792849E+20 
Instantaneous Temperature (K) = 5.100349E+20 
Step 74
Total Energy (kcal mol^-1) = 1.374430E+22 
Total Potential Energy (kcal mol^-1) = 9.625657E+11 
Total Kinetic Energy (kcal mol^-1) = 1.374430E+22 
Instantaneous Temperature (K) = 8.995517E+21 
Step 75
Total Energy (kcal mol^-1) = 1.148800E+23 
Total Potential Energy (kcal mol^-1) = 6.157034E+10 
Total Kinetic Energy (kcal mol^-1) = 1.148800E+23 
Instantaneous Temperature (K) = 7.518793E+22 
Step 76
Total Energy (kcal mol^-1) = 3.169823E+23 
Total Potential Energy (kcal mol^-1) = 5.956703E+10 
Total Kinetic Energy (kcal mol^-1) = 3.169823E+23 
Instantaneous Temperature (K) = 2.074620E+23 
Step 77
Total Energy (kcal mol^-1) = 6.202597E+23 
Total Potential Energy (kcal mol^-1) = 4.397022E+10 
Total Kinetic Energy (kcal mol^-1) = 6.202597E+23 
Instantaneous Temperature (K) = 4.059544E+23 
Step 78
Total Energy (kcal mol^-1) = 1.024824E+24 
Total Potential Energy (kcal mol^-1) = 3.833715E+10 
Total Kinetic Energy (kcal mol^-1) = 1.024824E+24 
Instantaneous Temperature (K) = 6.707377E+23 
Step 79
Total Energy (kcal mol^-1) = 1.530743E+24 
Total Potential Energy (kcal mol^-1) = 1.015387E+09 
Total Kinetic Energy (kcal mol^-1) = 1.530743E+24 
Instantaneous Temperature (K) = 1.001857E+24 
Step 80
Total Energy (kcal mol^-1) = 2.138042E+24 
Total Potential Energy (kcal mol^-1) = 4.202382E+10 
Total Kinetic Energy (kcal mol^-1) = 2.138042E+24 
Instantaneous Temperature (K) = 1.399329E+24 
Step 81
Total Energy (kcal mol^-1) = 2.846806E+24 
Total Potential Energy (kcal mol^-1) = 4.481046E+09 
Total Kinetic Energy (kcal mol^-1) = 2.846806E+24 
Instantaneous Temperature (K) = 1.863209E+24 
Step 82
Total Energy (kcal mol^-1) = 3.657050E+24 
Total Potential Energy (kcal mol^-1) = 5.587636E+06 
Total Kinetic Energy (kcal mol^-1) = 3.657050E+24 
Instantaneous Temperature (K) = 2.393506E+24 
Step 83
Total Energy (kcal mol^-1) = 4.568775E+24 
Total Potential Energy (kcal mol^-1) = 2.277253E+05 
Total Kinetic Energy (kcal mol^-1) = 4.568775E+24 
Instantaneous Temperature (K) = 2.990222E+24 
Step 84
Total Energy (kcal mol^-1) = 5.581979E+24 
Total Potential Energy (kcal mol^-1) = 1.343212E+06 
Total Kinetic Energy (kcal mol^-1) = 5.581979E+24 
Instantaneous Temperature (K) = 3.653355E+24 
Step 85
Total Energy (kcal mol^-1) = 6.696665E+24 
Total Potential Energy (kcal mol^-1) = 1.516876E+05 
Total Kinetic Energy (kcal mol^-1) = 6.696665E+24 
Instantaneous Temperature (K) = 4.382906E+24 
Step 86
Total Energy (kcal mol^-1) = 7.912830E+24 
Total Potential Energy (kcal mol^-1) = 5.105185E+08 
Total Kinetic Energy (kcal mol^-1) = 7.912830E+24 
Instantaneous Temperature (K) = 5.178875E+24 
Step 87
Total Energy (kcal mol^-1) = 9.230476E+24 
Total Potential Energy (kcal mol^-1) = 1.912540E+04 
Total Kinetic Energy (kcal mol^-1) = 9.230476E+24 
Instantaneous Temperature (K) = 6.041263E+24 
Step 88
Total Energy (kcal mol^-1) = 1.064960E+25 
Total Potential Energy (kcal mol^-1) = 1.991022E+07 
Total Kinetic Energy (kcal mol^-1) = 1.064960E+25 
Instantaneous Temperature (K) = 6.970068E+24 
Step 89
Total Energy (kcal mol^-1) = 1.217021E+25 
Total Potential Energy (kcal mol^-1) = 2.053584E+03 
Total Kinetic Energy (kcal mol^-1) = 1.217021E+25 
Instantaneous Temperature (K) = 7.965291E+24 
Step 90
Total Energy (kcal mol^-1) = 1.379230E+25 
Total Potential Energy (kcal mol^-1) = 1.141537E+10 
Total Kinetic Energy (kcal mol^-1) = 1.379230E+25 
Instantaneous Temperature (K) = 9.026932E+24 
Step 91
Total Energy (kcal mol^-1) = 1.551587E+25 
Total Potential Energy (kcal mol^-1) = 1.249108E+05 
Total Kinetic Energy (kcal mol^-1) = 1.551587E+25 
Instantaneous Temperature (K) = 1.015500E+25 
Step 92
Total Energy (kcal mol^-1) = 1.734093E+25 
Total Potential Energy (kcal mol^-1) = 3.376828E+03 
Total Kinetic Energy (kcal mol^-1) = 1.734093E+25 
Instantaneous Temperature (K) = 1.134948E+25 
Step 93
Total Energy (kcal mol^-1) = 1.926748E+25 
Total Potential Energy (kcal mol^-1) = 2.911517E+03 
Total Kinetic Energy (kcal mol^-1) = 1.926748E+25 
Instantaneous Temperature (K) = 1.261039E+25 
Step 94
Total Energy (kcal mol^-1) = 2.129551E+25 
Total Potential Energy (kcal mol^-1) = 4.719887E+04 
Total Kinetic Energy (kcal mol^-1) = 2.129551E+25 
Instantaneous Temperature (K) = 1.393772E+25 
Step 95
Total Energy (kcal mol^-1) = 2.342504E+25 
Total Potential Energy (kcal mol^-1) = 1.834578E+03 
Total Kinetic Energy (kcal mol^-1) = 2.342504E+25 
Instantaneous Temperature (K) = 1.533147E+25 
Step 96
Total Energy (kcal mol^-1) = 2.565605E+25 
Total Potential Energy (kcal mol^-1) = 6.525837E+03 
Total Kinetic Energy (kcal mol^-1) = 2.565605E+25 
Instantaneous Temperature (K) = 1.679165E+25 
Step 97
Total Energy (kcal mol^-1) = 2.798854E+25 
Total Potential Energy (kcal mol^-1) = 2.058824E+05 
Total Kinetic Energy (kcal mol^-1) = 2.798854E+25 
Instantaneous Temperature (K) = 1.831825E+25 
Step 98
Total Energy (kcal mol^-1) = 3.042253E+25 
Total Potential Energy (kcal mol^-1) = 1.601313E+05 
Total Kinetic Energy (kcal mol^-1) = 3.042253E+25 
Instantaneous Temperature (K) = 1.991127E+25 
Step 99
Total Energy (kcal mol^-1) = 3.295800E+25 
Total Potential Energy (kcal mol^-1) = 1.962832E+04 
Total Kinetic Energy (kcal mol^-1) = 3.295800E+25 
Instantaneous Temperature (K) = 2.157071E+25 
Step 100
Total Energy (kcal mol^-1) = 3.559496E+25 
Total Potential Energy (kcal mol^-1) = 8.097181E+05 
Total Kinetic Energy (kcal mol^-1) = 3.559496E+25 
Instantaneous Temperature (K) = 2.329658E+25 
